{
  "stats": {
    "suites": 4,
    "tests": 6,
    "passes": 5,
    "pending": 1,
    "failures": 0,
    "start": "2025-06-17T17:11:59.982Z",
    "end": "2025-06-17T17:12:05.645Z",
    "duration": 5663,
    "testsRegistered": 6,
    "passPercent": 100,
    "pendingPercent": 16.666666666666664,
    "other": 0,
    "hasOther": false,
    "skipped": 0,
    "hasSkipped": false
  },
  "results": [
    {
      "uuid": "0a1bc6e3-52a6-4bfb-bd84-fc2b1c21bf86",
      "title": "",
      "fullFile": "",
      "file": "",
      "beforeHooks": [],
      "afterHooks": [],
      "tests": [],
      "suites": [
        {
          "uuid": "b7890cf1-f993-4a99-a4b8-21bd28006c00",
          "title": "Basic tests",
          "fullFile": "/Users/dakom/Documents/LAY3R/repos/wavs-tools/tests/src/basic.test.ts",
          "file": "/tests/src/basic.test.ts",
          "beforeHooks": [
            {
              "title": "\"before all\" hook in \"Basic tests\"",
              "fullTitle": "Basic tests \"before all\" hook in \"Basic tests\"",
              "timedOut": false,
              "duration": 5311,
              "state": null,
              "speed": null,
              "pass": false,
              "fail": false,
              "pending": false,
              "context": null,
              "code": "this.timeout(6e4);backendManager=new import_backend.BackendManager;await backendManager.start()",
              "err": {},
              "uuid": "c72ab5f6-c94b-43d0-b4b9-8b1aef820506",
              "parentUUID": "b7890cf1-f993-4a99-a4b8-21bd28006c00",
              "isHook": true,
              "skipped": false
            }
          ],
          "afterHooks": [
            {
              "title": "\"after all\" hook in \"Basic tests\"",
              "fullTitle": "Basic tests \"after all\" hook in \"Basic tests\"",
              "timedOut": false,
              "duration": 347,
              "state": null,
              "speed": null,
              "pass": false,
              "fail": false,
              "pending": false,
              "context": null,
              "code": "this.timeout(3e4);if(backendManager){await backendManager.stop()}",
              "err": {},
              "uuid": "cfbe86b6-a231-4638-889b-4f01f1cecbbd",
              "parentUUID": "b7890cf1-f993-4a99-a4b8-21bd28006c00",
              "isHook": true,
              "skipped": false
            }
          ],
          "tests": [],
          "suites": [
            {
              "uuid": "e3697e62-9679-47c9-8b3e-4283d55dcd4f",
              "title": "Transaction Processing",
              "fullFile": "/Users/dakom/Documents/LAY3R/repos/wavs-tools/tests/src/basic.test.ts",
              "file": "/tests/src/basic.test.ts",
              "beforeHooks": [],
              "afterHooks": [],
              "tests": [
                {
                  "title": "should successfully send transactions",
                  "fullTitle": "Basic tests Transaction Processing should successfully send transactions",
                  "timedOut": false,
                  "duration": 0,
                  "state": "passed",
                  "speed": "fast",
                  "pass": true,
                  "fail": false,
                  "pending": false,
                  "context": null,
                  "code": "this.timeout(3e4)",
                  "err": {},
                  "uuid": "57d2480d-d760-4b95-8a57-120bcae1b27a",
                  "parentUUID": "e3697e62-9679-47c9-8b3e-4283d55dcd4f",
                  "isHook": false,
                  "skipped": false
                }
              ],
              "suites": [],
              "passes": [
                "57d2480d-d760-4b95-8a57-120bcae1b27a"
              ],
              "failures": [],
              "pending": [],
              "skipped": [],
              "duration": 0,
              "root": false,
              "rootEmpty": false,
              "_timeout": 5000
            },
            {
              "uuid": "cc165cfb-39bd-4330-8487-dae5060e47f5",
              "title": "Backend Health",
              "fullFile": "/Users/dakom/Documents/LAY3R/repos/wavs-tools/tests/src/basic.test.ts",
              "file": "/tests/src/basic.test.ts",
              "beforeHooks": [],
              "afterHooks": [],
              "tests": [
                {
                  "title": "should confirm backend is running",
                  "fullTitle": "Basic tests Backend Health should confirm backend is running",
                  "timedOut": false,
                  "duration": 0,
                  "state": "passed",
                  "speed": "fast",
                  "pass": true,
                  "fail": false,
                  "pending": false,
                  "context": null,
                  "code": "backendManager.assertRunning()",
                  "err": {},
                  "uuid": "b4943b20-13ce-4b57-896a-1e1c6527d78a",
                  "parentUUID": "cc165cfb-39bd-4330-8487-dae5060e47f5",
                  "isHook": false,
                  "skipped": false
                }
              ],
              "suites": [],
              "passes": [
                "b4943b20-13ce-4b57-896a-1e1c6527d78a"
              ],
              "failures": [],
              "pending": [],
              "skipped": [],
              "duration": 0,
              "root": false,
              "rootEmpty": false,
              "_timeout": 5000
            }
          ],
          "passes": [],
          "failures": [],
          "pending": [],
          "skipped": [],
          "duration": 0,
          "root": false,
          "rootEmpty": false,
          "_timeout": 5000
        },
        {
          "uuid": "9b4f4211-332d-40d3-a387-db0b8b46fb4e",
          "title": "WAVS Tools Sanity Tests",
          "fullFile": "/Users/dakom/Documents/LAY3R/repos/wavs-tools/tests/src/sanity.test.ts",
          "file": "/tests/src/sanity.test.ts",
          "beforeHooks": [],
          "afterHooks": [],
          "tests": [
            {
              "title": "should pass basic arithmetic",
              "fullTitle": "WAVS Tools Sanity Tests should pass basic arithmetic",
              "timedOut": false,
              "duration": 1,
              "state": "passed",
              "speed": "fast",
              "pass": true,
              "fail": false,
              "pending": false,
              "context": null,
              "code": "import_chai.assert.equal(1+1,2)",
              "err": {},
              "uuid": "328b3e70-b0b9-4aa2-9e77-5c6c141f3b57",
              "parentUUID": "9b4f4211-332d-40d3-a387-db0b8b46fb4e",
              "isHook": false,
              "skipped": false
            },
            {
              "title": "should pass string operations",
              "fullTitle": "WAVS Tools Sanity Tests should pass string operations",
              "timedOut": false,
              "duration": 0,
              "state": "passed",
              "speed": "fast",
              "pass": true,
              "fail": false,
              "pending": false,
              "context": null,
              "code": "import_chai.assert.equal(\"hello\".toUpperCase(),\"HELLO\")",
              "err": {},
              "uuid": "f0002fca-a68a-44d8-8638-03a425987fae",
              "parentUUID": "9b4f4211-332d-40d3-a387-db0b8b46fb4e",
              "isHook": false,
              "skipped": false
            },
            {
              "title": "should pass array operations",
              "fullTitle": "WAVS Tools Sanity Tests should pass array operations",
              "timedOut": false,
              "duration": 1,
              "state": "passed",
              "speed": "fast",
              "pass": true,
              "fail": false,
              "pending": false,
              "context": null,
              "code": "const arr=[1,2,3];import_chai.assert.equal(arr.length,3);import_chai.assert.include(arr,2)",
              "err": {},
              "uuid": "6ed03051-ab33-4e71-aeff-9bed1fc3d858",
              "parentUUID": "9b4f4211-332d-40d3-a387-db0b8b46fb4e",
              "isHook": false,
              "skipped": false
            },
            {
              "title": "should demonstrate failure (skipped)",
              "fullTitle": "WAVS Tools Sanity Tests should demonstrate failure (skipped)",
              "timedOut": false,
              "duration": 0,
              "state": "pending",
              "speed": null,
              "pass": false,
              "fail": false,
              "pending": true,
              "context": null,
              "code": "",
              "err": {},
              "uuid": "75c1fce5-b53b-4fc7-9cd0-b97841abb253",
              "parentUUID": "9b4f4211-332d-40d3-a387-db0b8b46fb4e",
              "isHook": false,
              "skipped": false
            }
          ],
          "suites": [],
          "passes": [
            "328b3e70-b0b9-4aa2-9e77-5c6c141f3b57",
            "f0002fca-a68a-44d8-8638-03a425987fae",
            "6ed03051-ab33-4e71-aeff-9bed1fc3d858"
          ],
          "failures": [],
          "pending": [
            "75c1fce5-b53b-4fc7-9cd0-b97841abb253"
          ],
          "skipped": [],
          "duration": 2,
          "root": false,
          "rootEmpty": false,
          "_timeout": 5000
        }
      ],
      "passes": [],
      "failures": [],
      "pending": [],
      "skipped": [],
      "duration": 0,
      "root": true,
      "rootEmpty": true,
      "_timeout": 5000
    }
  ],
  "meta": {
    "mocha": {
      "version": "11.6.0"
    },
    "mochawesome": {
      "options": {
        "quiet": false,
        "reportFilename": "test-report",
        "saveHtml": true,
        "saveJson": true,
        "consoleReporter": "spec",
        "useInlineDiffs": false,
        "code": true
      },
      "version": "7.1.3"
    },
    "marge": {
      "options": {
        "reportFilename": "test-report",
        "json": "true",
        "overwrite": "true"
      },
      "version": "6.2.0"
    }
  }
}